<?xml version="1.0" encoding="UTF-8"?>
<testng-results skipped="0" failed="0" ignored="0" total="1" passed="1">
  <reporter-output>
  </reporter-output>
  <suite name="Suite" duration-ms="328" started-at="2019-07-18T18:56:34Z" finished-at="2019-07-18T18:56:34Z">
    <groups>
    </groups>
    <test name="Test" duration-ms="328" started-at="2019-07-18T18:56:34Z" finished-at="2019-07-18T18:56:34Z">
      <class name="Discovery.Discovery.NewTest1">
        <test-method status="PASS" signature="beforeMethod()[pri:0, instance:Discovery.Discovery.NewTest1@6fa38a]" name="beforeMethod" is-config="true" duration-ms="63" started-at="2019-07-19T00:26:34Z" finished-at="2019-07-19T00:26:34Z">
          <reporter-output>
          </reporter-output>
        </test-method> <!-- beforeMethod -->
        <test-method status="PASS" signature="f()[pri:0, instance:Discovery.Discovery.NewTest1@6fa38a]" name="f" duration-ms="15" started-at="2019-07-19T00:26:34Z" finished-at="2019-07-19T00:26:34Z">
          <reporter-output>
          </reporter-output>
        </test-method> <!-- f -->
        <test-method status="PASS" signature="afterMethod()[pri:0, instance:Discovery.Discovery.NewTest1@6fa38a]" name="afterMethod" is-config="true" duration-ms="0" started-at="2019-07-19T00:26:34Z" finished-at="2019-07-19T00:26:34Z">
          <reporter-output>
          </reporter-output>
        </test-method> <!-- afterMethod -->
      </class> <!-- Discovery.Discovery.NewTest1 -->
    </test> <!-- Test -->
  </suite> <!-- Suite -->
</testng-results>
