<?xml version="1.0" encoding="UTF-8"?>
<testng-results skipped="0" failed="0" ignored="0" total="1" passed="1">
  <reporter-output>
  </reporter-output>
  <suite name="Default suite" duration-ms="54089" started-at="2019-07-20T09:34:12Z" finished-at="2019-07-20T09:35:06Z">
    <groups>
    </groups>
    <test name="Default test" duration-ms="54089" started-at="2019-07-20T09:34:12Z" finished-at="2019-07-20T09:35:06Z">
      <class name="Discovery.Discovery.FavVideo">
        <test-method status="PASS" signature="setup()[pri:0, instance:Discovery.Discovery.FavVideo@11d0846]" name="setup" is-config="true" duration-ms="18269" started-at="2019-07-20T15:04:12Z" finished-at="2019-07-20T15:04:30Z">
          <reporter-output>
          </reporter-output>
        </test-method> <!-- setup -->
        <test-method status="PASS" signature="beforeMethod(java.lang.reflect.Method)[pri:0, instance:Discovery.Discovery.FavVideo@11d0846]" name="beforeMethod" is-config="true" duration-ms="10" started-at="2019-07-20T15:04:30Z" finished-at="2019-07-20T15:04:30Z">
          <params>
            <param index="0">
              <value>
                <![CDATA[public void Discovery.Discovery.FavVideo.AddTwoVideos()]]>
              </value>
            </param>
          </params>
          <reporter-output>
          </reporter-output>
        </test-method> <!-- beforeMethod -->
        <test-method status="PASS" signature="AddTwoVideos()[pri:0, instance:Discovery.Discovery.FavVideo@11d0846]" name="AddTwoVideos" duration-ms="35029" started-at="2019-07-20T15:04:30Z" finished-at="2019-07-20T15:05:05Z">
          <reporter-output>
          </reporter-output>
        </test-method> <!-- AddTwoVideos -->
        <test-method status="PASS" signature="afterMethod(org.testng.ITestResult)[pri:0, instance:Discovery.Discovery.FavVideo@11d0846]" name="afterMethod" is-config="true" duration-ms="1" started-at="2019-07-20T15:05:05Z" finished-at="2019-07-20T15:05:05Z">
          <params>
            <param index="0">
              <value>
                <![CDATA[[TestResult name=AddTwoVideos status=SUCCESS method=FavVideo.AddTwoVideos()[pri:0, instance:Discovery.Discovery.FavVideo@11d0846] output={null}]]]>
              </value>
            </param>
          </params>
          <reporter-output>
          </reporter-output>
        </test-method> <!-- afterMethod -->
        <test-method status="PASS" signature="afterMethod()[pri:0, instance:Discovery.Discovery.FavVideo@11d0846]" name="afterMethod" is-config="true" duration-ms="0" started-at="2019-07-20T15:05:05Z" finished-at="2019-07-20T15:05:05Z">
          <reporter-output>
          </reporter-output>
        </test-method> <!-- afterMethod -->
        <test-method status="PASS" signature="endtest()[pri:0, instance:Discovery.Discovery.FavVideo@11d0846]" name="endtest" is-config="true" duration-ms="735" started-at="2019-07-20T15:05:05Z" finished-at="2019-07-20T15:05:06Z">
          <reporter-output>
          </reporter-output>
        </test-method> <!-- endtest -->
      </class> <!-- Discovery.Discovery.FavVideo -->
    </test> <!-- Default test -->
  </suite> <!-- Default suite -->
</testng-results>
